#! /c/Source/iverilog-install/bin/vvp
:ivl_version "12.0 (devel)" "(s20150603-1539-g2693dd32b)";
:ivl_delay_selection "TYPICAL";
:vpi_time_precision - 9;
:vpi_module "C:\PROGRA~1\iverilog\lib\ivl\system.vpi";
:vpi_module "C:\PROGRA~1\iverilog\lib\ivl\vhdl_sys.vpi";
:vpi_module "C:\PROGRA~1\iverilog\lib\ivl\vhdl_textio.vpi";
:vpi_module "C:\PROGRA~1\iverilog\lib\ivl\v2005_math.vpi";
:vpi_module "C:\PROGRA~1\iverilog\lib\ivl\va_math.vpi";
S_000001dc5a68bac0 .scope module, "tb_assignment1" "tb_assignment1" 2 4;
 .timescale -9 -9;
v000001dc5a71d990_0 .var "A", 0 0;
v000001dc5a71da30_0 .var "B", 0 0;
v000001dc5a71e160_0 .net "O1", 0 0, L_000001dc5a6894b0;  1 drivers
v000001dc5a71dbc0_0 .net "O2", 0 0, L_000001dc5a6a2ef0;  1 drivers
v000001dc5a71e840_0 .net "O3", 0 0, L_000001dc5a6a3330;  1 drivers
S_000001dc5a68bc50 .scope module, "temp" "assignment1" 2 8, 3 1 0, S_000001dc5a68bac0;
 .timescale -9 -9;
    .port_info 0 /INPUT 1 "A";
    .port_info 1 /INPUT 1 "B";
    .port_info 2 /OUTPUT 1 "O1";
    .port_info 3 /OUTPUT 1 "O2";
    .port_info 4 /OUTPUT 1 "O3";
L_000001dc5a68a540 .functor NOT 1, v000001dc5a71da30_0, C4<0>, C4<0>, C4<0>;
L_000001dc5a6894b0 .functor AND 1, v000001dc5a71d990_0, L_000001dc5a68a540, C4<1>, C4<1>;
L_000001dc5a6d6000 .functor XOR 1, v000001dc5a71d990_0, v000001dc5a71da30_0, C4<0>, C4<0>;
L_000001dc5a6a2ef0 .functor NOT 1, L_000001dc5a6d6000, C4<0>, C4<0>, C4<0>;
L_000001dc5a6a3130 .functor NOT 1, v000001dc5a71d990_0, C4<0>, C4<0>, C4<0>;
L_000001dc5a6a3330 .functor AND 1, L_000001dc5a6a3130, v000001dc5a71da30_0, C4<1>, C4<1>;
v000001dc5a68a7f0_0 .net "A", 0 0, v000001dc5a71d990_0;  1 drivers
v000001dc5a6a2c70_0 .net "B", 0 0, v000001dc5a71da30_0;  1 drivers
v000001dc5a689410_0 .net "O1", 0 0, L_000001dc5a6894b0;  alias, 1 drivers
v000001dc5a68a4a0_0 .net "O2", 0 0, L_000001dc5a6a2ef0;  alias, 1 drivers
v000001dc5a68bde0_0 .net "O3", 0 0, L_000001dc5a6a3330;  alias, 1 drivers
v000001dc5a68be80_0 .net *"_ivl_0", 0 0, L_000001dc5a68a540;  1 drivers
v000001dc5a71d850_0 .net *"_ivl_4", 0 0, L_000001dc5a6d6000;  1 drivers
v000001dc5a71d8f0_0 .net *"_ivl_8", 0 0, L_000001dc5a6a3130;  1 drivers
    .scope S_000001dc5a68bac0;
T_0 ;
    %vpi_call 2 11 "$dumpfile", "assignment1.vcd" {0 0 0};
    %vpi_call 2 12 "$dumpvars", 32'sb00000000000000000000000000000000, S_000001dc5a68bac0 {0 0 0};
    %pushi/vec4 0, 0, 1;
    %store/vec4 v000001dc5a71d990_0, 0, 1;
    %pushi/vec4 0, 0, 1;
    %store/vec4 v000001dc5a71da30_0, 0, 1;
    %delay 10, 0;
    %pushi/vec4 0, 0, 1;
    %store/vec4 v000001dc5a71d990_0, 0, 1;
    %pushi/vec4 1, 0, 1;
    %store/vec4 v000001dc5a71da30_0, 0, 1;
    %delay 10, 0;
    %pushi/vec4 1, 0, 1;
    %store/vec4 v000001dc5a71d990_0, 0, 1;
    %pushi/vec4 0, 0, 1;
    %store/vec4 v000001dc5a71da30_0, 0, 1;
    %delay 10, 0;
    %pushi/vec4 1, 0, 1;
    %store/vec4 v000001dc5a71d990_0, 0, 1;
    %pushi/vec4 1, 0, 1;
    %store/vec4 v000001dc5a71da30_0, 0, 1;
    %vpi_call 2 22 "$finish" {0 0 0};
    %end;
    .thread T_0;
# The file index is used to find the file name in the following table.
:file_names 4;
    "N/A";
    "<interactive>";
    "testbench1.v";
    "./assignment1.v";
