#! /c/Source/iverilog-install/bin/vvp
:ivl_version "12.0 (devel)" "(s20150603-1539-g2693dd32b)";
:ivl_delay_selection "TYPICAL";
:vpi_time_precision - 9;
:vpi_module "C:\PROGRA~1\iverilog\lib\ivl\system.vpi";
:vpi_module "C:\PROGRA~1\iverilog\lib\ivl\vhdl_sys.vpi";
:vpi_module "C:\PROGRA~1\iverilog\lib\ivl\vhdl_textio.vpi";
:vpi_module "C:\PROGRA~1\iverilog\lib\ivl\v2005_math.vpi";
:vpi_module "C:\PROGRA~1\iverilog\lib\ivl\va_math.vpi";
S_0000021210785bf0 .scope module, "tb_q1" "tb_q1" 2 4;
 .timescale -9 -9;
v00000212104dbe00_0 .var "A", 0 0;
v00000212107cd850_0 .var "B", 0 0;
v00000212107ce7a0_0 .net "O1", 0 0, L_00000212104d8ca0;  1 drivers
v00000212107ce3e0_0 .net "O2", 0 0, L_0000021210753110;  1 drivers
v00000212107ce660_0 .net "O3", 0 0, L_00000212107ce900;  1 drivers
S_0000021210785d80 .scope module, "temp" "assignment1" 2 8, 3 1 0, S_0000021210785bf0;
 .timescale -9 -9;
    .port_info 0 /INPUT 1 "A";
    .port_info 1 /INPUT 1 "B";
    .port_info 2 /OUTPUT 1 "O1";
    .port_info 3 /OUTPUT 1 "O2";
    .port_info 4 /OUTPUT 1 "O3";
L_00000212104d9ce0 .functor NOT 1, v00000212107cd850_0, C4<0>, C4<0>, C4<0>;
L_00000212104d8ca0 .functor AND 1, v00000212104dbe00_0, L_00000212104d9ce0, C4<1>, C4<1>;
L_0000021210752ed0 .functor XOR 1, v00000212104dbe00_0, v00000212107cd850_0, C4<0>, C4<0>;
L_0000021210753110 .functor NOT 1, L_0000021210752ed0, C4<0>, C4<0>, C4<0>;
L_0000021210753310 .functor NOT 1, v00000212104dbe00_0, C4<0>, C4<0>, C4<0>;
L_00000212107ce900 .functor AND 1, L_0000021210753310, v00000212107cd850_0, C4<1>, C4<1>;
v00000212104d9e70_0 .net "A", 0 0, v00000212104dbe00_0;  1 drivers
v0000021210752c70_0 .net "B", 0 0, v00000212107cd850_0;  1 drivers
v00000212104d8c00_0 .net "O1", 0 0, L_00000212104d8ca0;  alias, 1 drivers
v00000212104d9c40_0 .net "O2", 0 0, L_0000021210753110;  alias, 1 drivers
v0000021210785f10_0 .net "O3", 0 0, L_00000212107ce900;  alias, 1 drivers
v0000021210785fb0_0 .net *"_ivl_0", 0 0, L_00000212104d9ce0;  1 drivers
v00000212104dbcc0_0 .net *"_ivl_4", 0 0, L_0000021210752ed0;  1 drivers
v00000212104dbd60_0 .net *"_ivl_8", 0 0, L_0000021210753310;  1 drivers
    .scope S_0000021210785bf0;
T_0 ;
    %vpi_call 2 11 "$dumpfile", "q1.vcd" {0 0 0};
    %vpi_call 2 12 "$dumpvars", 32'sb00000000000000000000000000000000, S_0000021210785bf0 {0 0 0};
    %pushi/vec4 0, 0, 1;
    %store/vec4 v00000212104dbe00_0, 0, 1;
    %pushi/vec4 0, 0, 1;
    %store/vec4 v00000212107cd850_0, 0, 1;
    %delay 10, 0;
    %pushi/vec4 0, 0, 1;
    %store/vec4 v00000212104dbe00_0, 0, 1;
    %pushi/vec4 1, 0, 1;
    %store/vec4 v00000212107cd850_0, 0, 1;
    %delay 10, 0;
    %pushi/vec4 1, 0, 1;
    %store/vec4 v00000212104dbe00_0, 0, 1;
    %pushi/vec4 0, 0, 1;
    %store/vec4 v00000212107cd850_0, 0, 1;
    %delay 10, 0;
    %pushi/vec4 1, 0, 1;
    %store/vec4 v00000212104dbe00_0, 0, 1;
    %pushi/vec4 1, 0, 1;
    %store/vec4 v00000212107cd850_0, 0, 1;
    %vpi_call 2 22 "$finish" {0 0 0};
    %end;
    .thread T_0;
# The file index is used to find the file name in the following table.
:file_names 4;
    "N/A";
    "<interactive>";
    "tb_q1.v";
    "./q1.v";
