#! /c/Source/iverilog-install/bin/vvp
:ivl_version "12.0 (devel)" "(s20150603-1539-g2693dd32b)";
:ivl_delay_selection "TYPICAL";
:vpi_time_precision - 9;
:vpi_module "C:\PROGRA~1\iverilog\lib\ivl\system.vpi";
:vpi_module "C:\PROGRA~1\iverilog\lib\ivl\vhdl_sys.vpi";
:vpi_module "C:\PROGRA~1\iverilog\lib\ivl\vhdl_textio.vpi";
:vpi_module "C:\PROGRA~1\iverilog\lib\ivl\v2005_math.vpi";
:vpi_module "C:\PROGRA~1\iverilog\lib\ivl\va_math.vpi";
S_000001ccbea76bd0 .scope module, "tb_link_top" "tb_link_top" 2 4;
 .timescale -9 -9;
v000001ccbeac9580_0 .var "clk", 0 0;
v000001ccbeac9f80_0 .net "done", 0 0, v000001ccbea6cf60_0;  1 drivers
v000001ccbeac98a0_0 .var "rst", 0 0;
E_000001ccbea5c880 .event anyedge, v000001ccbea6cf60_0;
S_000001ccbea76d60 .scope module, "dut" "link_top" 2 8, 3 4 0, S_000001ccbea76bd0;
 .timescale -9 -9;
    .port_info 0 /INPUT 1 "clk";
    .port_info 1 /INPUT 1 "rst";
    .port_info 2 /OUTPUT 1 "done";
v000001ccbeac9800_0 .net "ack", 0 0, v000001ccbea64bd0_0;  1 drivers
v000001ccbeac91c0_0 .net "clk", 0 0, v000001ccbeac9580_0;  1 drivers
v000001ccbeac9940_0 .net "data", 7 0, v000001ccbea6cec0_0;  1 drivers
v000001ccbeac9620_0 .net "done", 0 0, v000001ccbea6cf60_0;  alias, 1 drivers
v000001ccbeac9e40_0 .net "last_byte", 7 0, v000001ccbeac9120_0;  1 drivers
v000001ccbeac9080_0 .net "req", 0 0, v000001ccbea32d60_0;  1 drivers
v000001ccbeac94e0_0 .net "rst", 0 0, v000001ccbeac98a0_0;  1 drivers
S_000001ccbea6cc90 .scope module, "u_master" "master_fsm" 3 13, 4 1 0, S_000001ccbea76d60;
 .timescale -9 -9;
    .port_info 0 /INPUT 1 "clk";
    .port_info 1 /INPUT 1 "rst";
    .port_info 2 /INPUT 1 "ack";
    .port_info 3 /OUTPUT 1 "req";
    .port_info 4 /OUTPUT 8 "data";
    .port_info 5 /OUTPUT 1 "done";
P_000001ccbea76ef0 .param/l "DROP_REQ" 1 4 16, C4<011>;
P_000001ccbea76f28 .param/l "FINISH" 1 4 18, C4<101>;
P_000001ccbea76f60 .param/l "IDLE" 1 4 13, C4<000>;
P_000001ccbea76f98 .param/l "SEND" 1 4 14, C4<001>;
P_000001ccbea76fd0 .param/l "WAIT_ACK" 1 4 15, C4<010>;
P_000001ccbea77008 .param/l "WAIT_ACK_LOW" 1 4 17, C4<100>;
v000001ccbeb4bc60_0 .net "ack", 0 0, v000001ccbea64bd0_0;  alias, 1 drivers
v000001ccbeb4ba80_0 .var "byte_cnt", 1 0;
v000001ccbea6ce20_0 .net "clk", 0 0, v000001ccbeac9580_0;  alias, 1 drivers
v000001ccbea6cec0_0 .var "data", 7 0;
v000001ccbea6cf60_0 .var "done", 0 0;
v000001ccbea6d000_0 .var "next_state", 2 0;
v000001ccbea32d60_0 .var "req", 0 0;
v000001ccbea32e00_0 .net "rst", 0 0, v000001ccbeac98a0_0;  alias, 1 drivers
v000001ccbea32ea0_0 .var "state", 2 0;
E_000001ccbea5c940 .event posedge, v000001ccbea6ce20_0;
E_000001ccbea5c6c0 .event anyedge, v000001ccbea32ea0_0, v000001ccbeb4bc60_0, v000001ccbeb4ba80_0;
S_000001ccbea32f40 .scope module, "u_slave" "slave_fsm" 3 22, 5 1 0, S_000001ccbea76d60;
 .timescale -9 -9;
    .port_info 0 /INPUT 1 "clk";
    .port_info 1 /INPUT 1 "rst";
    .port_info 2 /INPUT 1 "req";
    .port_info 3 /INPUT 8 "data_in";
    .port_info 4 /OUTPUT 1 "ack";
    .port_info 5 /OUTPUT 8 "last_byte";
P_000001ccbea330d0 .param/l "ACK_HI" 1 5 14, C4<01>;
P_000001ccbea33108 .param/l "ACK_HOLD" 1 5 15, C4<10>;
P_000001ccbea33140 .param/l "ACK_LO" 1 5 16, C4<11>;
P_000001ccbea33178 .param/l "IDLE" 1 5 13, C4<00>;
v000001ccbea64bd0_0 .var "ack", 0 0;
v000001ccbea64c70_0 .var "ack_cnt", 1 0;
v000001ccbea64d10_0 .net "clk", 0 0, v000001ccbeac9580_0;  alias, 1 drivers
v000001ccbeac9d00_0 .net "data_in", 7 0, v000001ccbea6cec0_0;  alias, 1 drivers
v000001ccbeac9120_0 .var "last_byte", 7 0;
v000001ccbeac9300_0 .var "next_state", 1 0;
v000001ccbeac99e0_0 .net "req", 0 0, v000001ccbea32d60_0;  alias, 1 drivers
v000001ccbeac93a0_0 .net "rst", 0 0, v000001ccbeac98a0_0;  alias, 1 drivers
v000001ccbeac9da0_0 .var "state", 1 0;
E_000001ccbea5c200 .event anyedge, v000001ccbeac9da0_0, v000001ccbea32d60_0, v000001ccbea64c70_0;
    .scope S_000001ccbea6cc90;
T_0 ;
    %wait E_000001ccbea5c940;
    %load/vec4 v000001ccbea32e00_0;
    %flag_set/vec4 8;
    %jmp/0xz  T_0.0, 8;
    %pushi/vec4 0, 0, 3;
    %assign/vec4 v000001ccbea32ea0_0, 0;
    %pushi/vec4 0, 0, 1;
    %assign/vec4 v000001ccbea32d60_0, 0;
    %pushi/vec4 0, 0, 8;
    %assign/vec4 v000001ccbea6cec0_0, 0;
    %pushi/vec4 0, 0, 2;
    %assign/vec4 v000001ccbeb4ba80_0, 0;
    %pushi/vec4 0, 0, 1;
    %assign/vec4 v000001ccbea6cf60_0, 0;
    %jmp T_0.1;
T_0.0 ;
    %load/vec4 v000001ccbea6d000_0;
    %assign/vec4 v000001ccbea32ea0_0, 0;
    %load/vec4 v000001ccbea32ea0_0;
    %cmpi/e 5, 0, 3;
    %jmp/0xz  T_0.2, 4;
    %pushi/vec4 1, 0, 1;
    %assign/vec4 v000001ccbea6cf60_0, 0;
    %jmp T_0.3;
T_0.2 ;
    %pushi/vec4 0, 0, 1;
    %assign/vec4 v000001ccbea6cf60_0, 0;
T_0.3 ;
T_0.1 ;
    %jmp T_0;
    .thread T_0;
    .scope S_000001ccbea6cc90;
T_1 ;
    %wait E_000001ccbea5c6c0;
    %load/vec4 v000001ccbea32ea0_0;
    %store/vec4 v000001ccbea6d000_0, 0, 3;
    %load/vec4 v000001ccbea32ea0_0;
    %dup/vec4;
    %pushi/vec4 0, 0, 3;
    %cmp/u;
    %jmp/1 T_1.0, 6;
    %dup/vec4;
    %pushi/vec4 1, 0, 3;
    %cmp/u;
    %jmp/1 T_1.1, 6;
    %dup/vec4;
    %pushi/vec4 2, 0, 3;
    %cmp/u;
    %jmp/1 T_1.2, 6;
    %dup/vec4;
    %pushi/vec4 3, 0, 3;
    %cmp/u;
    %jmp/1 T_1.3, 6;
    %dup/vec4;
    %pushi/vec4 4, 0, 3;
    %cmp/u;
    %jmp/1 T_1.4, 6;
    %dup/vec4;
    %pushi/vec4 5, 0, 3;
    %cmp/u;
    %jmp/1 T_1.5, 6;
    %jmp T_1.6;
T_1.0 ;
    %pushi/vec4 0, 0, 1;
    %store/vec4 v000001ccbea32d60_0, 0, 1;
    %pushi/vec4 1, 0, 3;
    %store/vec4 v000001ccbea6d000_0, 0, 3;
    %jmp T_1.6;
T_1.1 ;
    %pushi/vec4 1, 0, 1;
    %store/vec4 v000001ccbea32d60_0, 0, 1;
    %pushi/vec4 2, 0, 3;
    %store/vec4 v000001ccbea6d000_0, 0, 3;
    %jmp T_1.6;
T_1.2 ;
    %pushi/vec4 1, 0, 1;
    %store/vec4 v000001ccbea32d60_0, 0, 1;
    %load/vec4 v000001ccbeb4bc60_0;
    %flag_set/vec4 8;
    %jmp/0xz  T_1.7, 8;
    %pushi/vec4 3, 0, 3;
    %store/vec4 v000001ccbea6d000_0, 0, 3;
T_1.7 ;
    %jmp T_1.6;
T_1.3 ;
    %pushi/vec4 0, 0, 1;
    %store/vec4 v000001ccbea32d60_0, 0, 1;
    %pushi/vec4 4, 0, 3;
    %store/vec4 v000001ccbea6d000_0, 0, 3;
    %jmp T_1.6;
T_1.4 ;
    %pushi/vec4 0, 0, 1;
    %store/vec4 v000001ccbea32d60_0, 0, 1;
    %load/vec4 v000001ccbeb4bc60_0;
    %nor/r;
    %flag_set/vec4 8;
    %jmp/0xz  T_1.9, 8;
    %load/vec4 v000001ccbeb4ba80_0;
    %cmpi/e 3, 0, 2;
    %jmp/0xz  T_1.11, 4;
    %pushi/vec4 5, 0, 3;
    %store/vec4 v000001ccbea6d000_0, 0, 3;
    %jmp T_1.12;
T_1.11 ;
    %pushi/vec4 1, 0, 3;
    %store/vec4 v000001ccbea6d000_0, 0, 3;
T_1.12 ;
T_1.9 ;
    %jmp T_1.6;
T_1.5 ;
    %pushi/vec4 0, 0, 1;
    %store/vec4 v000001ccbea32d60_0, 0, 1;
    %pushi/vec4 0, 0, 3;
    %store/vec4 v000001ccbea6d000_0, 0, 3;
    %jmp T_1.6;
T_1.6 ;
    %pop/vec4 1;
    %jmp T_1;
    .thread T_1, $push;
    .scope S_000001ccbea6cc90;
T_2 ;
    %wait E_000001ccbea5c940;
    %load/vec4 v000001ccbea32e00_0;
    %flag_set/vec4 8;
    %jmp/0xz  T_2.0, 8;
    %pushi/vec4 0, 0, 2;
    %assign/vec4 v000001ccbeb4ba80_0, 0;
    %pushi/vec4 0, 0, 8;
    %assign/vec4 v000001ccbea6cec0_0, 0;
    %jmp T_2.1;
T_2.0 ;
    %load/vec4 v000001ccbea32ea0_0;
    %cmpi/e 1, 0, 3;
    %jmp/0xz  T_2.2, 4;
    %pushi/vec4 0, 0, 6;
    %load/vec4 v000001ccbeb4ba80_0;
    %concat/vec4; draw_concat_vec4
    %assign/vec4 v000001ccbea6cec0_0, 0;
T_2.2 ;
    %load/vec4 v000001ccbea32ea0_0;
    %cmpi/e 4, 0, 3;
    %flag_get/vec4 4;
    %jmp/0 T_2.7, 4;
    %load/vec4 v000001ccbeb4bc60_0;
    %nor/r;
    %and;
T_2.7;
    %flag_set/vec4 9;
    %flag_get/vec4 9;
    %jmp/0 T_2.6, 9;
    %load/vec4 v000001ccbea32ea0_0;
    %pushi/vec4 5, 0, 3;
    %cmp/ne;
    %flag_get/vec4 4;
    %and;
T_2.6;
    %flag_set/vec4 8;
    %jmp/0xz  T_2.4, 8;
    %load/vec4 v000001ccbeb4ba80_0;
    %addi 1, 0, 2;
    %assign/vec4 v000001ccbeb4ba80_0, 0;
T_2.4 ;
    %load/vec4 v000001ccbea32ea0_0;
    %cmpi/e 5, 0, 3;
    %jmp/0xz  T_2.8, 4;
    %pushi/vec4 0, 0, 2;
    %assign/vec4 v000001ccbeb4ba80_0, 0;
T_2.8 ;
T_2.1 ;
    %jmp T_2;
    .thread T_2;
    .scope S_000001ccbea32f40;
T_3 ;
    %wait E_000001ccbea5c940;
    %load/vec4 v000001ccbeac93a0_0;
    %flag_set/vec4 8;
    %jmp/0xz  T_3.0, 8;
    %pushi/vec4 0, 0, 2;
    %assign/vec4 v000001ccbeac9da0_0, 0;
    %pushi/vec4 0, 0, 1;
    %assign/vec4 v000001ccbea64bd0_0, 0;
    %pushi/vec4 0, 0, 8;
    %assign/vec4 v000001ccbeac9120_0, 0;
    %pushi/vec4 0, 0, 2;
    %assign/vec4 v000001ccbea64c70_0, 0;
    %jmp T_3.1;
T_3.0 ;
    %load/vec4 v000001ccbeac9300_0;
    %assign/vec4 v000001ccbeac9da0_0, 0;
    %load/vec4 v000001ccbeac9da0_0;
    %cmpi/e 1, 0, 2;
    %jmp/0xz  T_3.2, 4;
    %pushi/vec4 1, 0, 1;
    %assign/vec4 v000001ccbea64bd0_0, 0;
    %load/vec4 v000001ccbeac9d00_0;
    %assign/vec4 v000001ccbeac9120_0, 0;
    %pushi/vec4 2, 0, 2;
    %assign/vec4 v000001ccbea64c70_0, 0;
    %jmp T_3.3;
T_3.2 ;
    %load/vec4 v000001ccbeac9da0_0;
    %cmpi/e 2, 0, 2;
    %flag_get/vec4 4;
    %jmp/0 T_3.6, 4;
    %pushi/vec4 0, 0, 32;
    %load/vec4 v000001ccbea64c70_0;
    %pad/u 32;
    %cmp/u;
    %flag_get/vec4 5;
    %and;
T_3.6;
    %flag_set/vec4 8;
    %jmp/0xz  T_3.4, 8;
    %load/vec4 v000001ccbea64c70_0;
    %subi 1, 0, 2;
    %assign/vec4 v000001ccbea64c70_0, 0;
    %pushi/vec4 1, 0, 1;
    %assign/vec4 v000001ccbea64bd0_0, 0;
    %jmp T_3.5;
T_3.4 ;
    %load/vec4 v000001ccbeac9da0_0;
    %cmpi/e 3, 0, 2;
    %jmp/0xz  T_3.7, 4;
    %pushi/vec4 0, 0, 1;
    %assign/vec4 v000001ccbea64bd0_0, 0;
T_3.7 ;
T_3.5 ;
T_3.3 ;
T_3.1 ;
    %jmp T_3;
    .thread T_3;
    .scope S_000001ccbea32f40;
T_4 ;
    %wait E_000001ccbea5c200;
    %load/vec4 v000001ccbeac9da0_0;
    %store/vec4 v000001ccbeac9300_0, 0, 2;
    %load/vec4 v000001ccbeac9da0_0;
    %dup/vec4;
    %pushi/vec4 0, 0, 2;
    %cmp/u;
    %jmp/1 T_4.0, 6;
    %dup/vec4;
    %pushi/vec4 1, 0, 2;
    %cmp/u;
    %jmp/1 T_4.1, 6;
    %dup/vec4;
    %pushi/vec4 2, 0, 2;
    %cmp/u;
    %jmp/1 T_4.2, 6;
    %dup/vec4;
    %pushi/vec4 3, 0, 2;
    %cmp/u;
    %jmp/1 T_4.3, 6;
    %jmp T_4.4;
T_4.0 ;
    %load/vec4 v000001ccbeac99e0_0;
    %flag_set/vec4 8;
    %jmp/0xz  T_4.5, 8;
    %pushi/vec4 1, 0, 2;
    %store/vec4 v000001ccbeac9300_0, 0, 2;
T_4.5 ;
    %jmp T_4.4;
T_4.1 ;
    %pushi/vec4 2, 0, 2;
    %store/vec4 v000001ccbeac9300_0, 0, 2;
    %jmp T_4.4;
T_4.2 ;
    %load/vec4 v000001ccbea64c70_0;
    %pad/u 32;
    %cmpi/e 0, 0, 32;
    %jmp/0xz  T_4.7, 4;
    %pushi/vec4 3, 0, 2;
    %store/vec4 v000001ccbeac9300_0, 0, 2;
T_4.7 ;
    %jmp T_4.4;
T_4.3 ;
    %load/vec4 v000001ccbeac99e0_0;
    %nor/r;
    %flag_set/vec4 8;
    %jmp/0xz  T_4.9, 8;
    %pushi/vec4 0, 0, 2;
    %store/vec4 v000001ccbeac9300_0, 0, 2;
T_4.9 ;
    %jmp T_4.4;
T_4.4 ;
    %pop/vec4 1;
    %jmp T_4;
    .thread T_4, $push;
    .scope S_000001ccbea76bd0;
T_5 ;
    %pushi/vec4 0, 0, 1;
    %store/vec4 v000001ccbeac9580_0, 0, 1;
T_5.0 ;
    %delay 5, 0;
    %load/vec4 v000001ccbeac9580_0;
    %inv;
    %store/vec4 v000001ccbeac9580_0, 0, 1;
    %jmp T_5.0;
    %end;
    .thread T_5;
    .scope S_000001ccbea76bd0;
T_6 ;
    %pushi/vec4 1, 0, 1;
    %store/vec4 v000001ccbeac98a0_0, 0, 1;
    %delay 12, 0;
    %pushi/vec4 0, 0, 1;
    %store/vec4 v000001ccbeac98a0_0, 0, 1;
T_6.0 ;
    %load/vec4 v000001ccbeac9f80_0;
    %cmpi/ne 1, 0, 1;
    %jmp/0xz T_6.1, 6;
    %wait E_000001ccbea5c880;
    %jmp T_6.0;
T_6.1 ;
    %delay 10, 0;
    %vpi_call 2 19 "$finish" {0 0 0};
    %end;
    .thread T_6;
    .scope S_000001ccbea76bd0;
T_7 ;
    %vpi_call 2 23 "$dumpfile", "dump.vcd" {0 0 0};
    %vpi_call 2 24 "$dumpvars", 32'sb00000000000000000000000000000000, S_000001ccbea76bd0 {0 0 0};
    %end;
    .thread T_7;
# The file index is used to find the file name in the following table.
:file_names 6;
    "N/A";
    "<interactive>";
    "tb_top.v";
    "./top.v";
    "./master.v";
    "./slave.v";
