#! /c/Source/iverilog-install/bin/vvp
:ivl_version "12.0 (devel)" "(s20150603-1539-g2693dd32b)";
:ivl_delay_selection "TYPICAL";
:vpi_time_precision - 9;
:vpi_module "C:\PROGRA~1\iverilog\lib\ivl\system.vpi";
:vpi_module "C:\PROGRA~1\iverilog\lib\ivl\vhdl_sys.vpi";
:vpi_module "C:\PROGRA~1\iverilog\lib\ivl\vhdl_textio.vpi";
:vpi_module "C:\PROGRA~1\iverilog\lib\ivl\v2005_math.vpi";
:vpi_module "C:\PROGRA~1\iverilog\lib\ivl\va_math.vpi";
S_00000289f236a2b0 .scope module, "tb_q1" "tb_q1" 2 4;
 .timescale -9 -9;
v00000289f23640d0_0 .var "clk", 0 0;
v00000289f2364170_0 .var "din", 0 0;
v00000289f2364210_0 .var "rst", 0 0;
v00000289f23642b0_0 .net "y", 0 0, v00000289f242bc90_0;  1 drivers
S_00000289f236a440 .scope module, "uut" "q1" 2 9, 3 1 0, S_00000289f236a2b0;
 .timescale -9 -9;
    .port_info 0 /INPUT 1 "clk";
    .port_info 1 /INPUT 1 "rst";
    .port_info 2 /INPUT 1 "din";
    .port_info 3 /OUTPUT 1 "y";
P_00000289f236a5d0 .param/l "S0" 0 3 8, C4<00>;
P_00000289f236a608 .param/l "S1" 0 3 8, C4<01>;
P_00000289f236a640 .param/l "S2" 0 3 8, C4<10>;
P_00000289f236a678 .param/l "S3" 0 3 8, C4<11>;
v00000289f2333560_0 .net "clk", 0 0, v00000289f23640d0_0;  1 drivers
v00000289f242ba10_0 .var "cur_state", 1 0;
v00000289f242bab0_0 .net "din", 0 0, v00000289f2364170_0;  1 drivers
v00000289f242bb50_0 .var "next_state", 1 0;
v00000289f242bbf0_0 .net "rst", 0 0, v00000289f2364210_0;  1 drivers
v00000289f242bc90_0 .var "y", 0 0;
E_00000289f2429960 .event anyedge, v00000289f242ba10_0, v00000289f242bab0_0;
E_00000289f24296e0 .event posedge, v00000289f2333560_0;
    .scope S_00000289f236a440;
T_0 ;
    %wait E_00000289f24296e0;
    %load/vec4 v00000289f242bbf0_0;
    %flag_set/vec4 8;
    %jmp/0xz  T_0.0, 8;
    %pushi/vec4 0, 0, 2;
    %assign/vec4 v00000289f242ba10_0, 0;
    %jmp T_0.1;
T_0.0 ;
    %load/vec4 v00000289f242bb50_0;
    %assign/vec4 v00000289f242ba10_0, 0;
T_0.1 ;
    %jmp T_0;
    .thread T_0;
    .scope S_00000289f236a440;
T_1 ;
    %wait E_00000289f2429960;
    %load/vec4 v00000289f242ba10_0;
    %dup/vec4;
    %pushi/vec4 0, 0, 2;
    %cmp/u;
    %jmp/1 T_1.0, 6;
    %dup/vec4;
    %pushi/vec4 1, 0, 2;
    %cmp/u;
    %jmp/1 T_1.1, 6;
    %dup/vec4;
    %pushi/vec4 2, 0, 2;
    %cmp/u;
    %jmp/1 T_1.2, 6;
    %dup/vec4;
    %pushi/vec4 3, 0, 2;
    %cmp/u;
    %jmp/1 T_1.3, 6;
    %load/vec4 v00000289f242ba10_0;
    %store/vec4 v00000289f242bb50_0, 0, 2;
    %pushi/vec4 0, 0, 1;
    %store/vec4 v00000289f242bc90_0, 0, 1;
    %jmp T_1.5;
T_1.0 ;
    %load/vec4 v00000289f242bab0_0;
    %flag_set/vec4 8;
    %jmp/0xz  T_1.6, 8;
    %pushi/vec4 1, 0, 2;
    %store/vec4 v00000289f242bb50_0, 0, 2;
    %pushi/vec4 0, 0, 1;
    %store/vec4 v00000289f242bc90_0, 0, 1;
    %jmp T_1.7;
T_1.6 ;
    %pushi/vec4 0, 0, 2;
    %store/vec4 v00000289f242bb50_0, 0, 2;
    %pushi/vec4 0, 0, 1;
    %store/vec4 v00000289f242bc90_0, 0, 1;
T_1.7 ;
    %jmp T_1.5;
T_1.1 ;
    %load/vec4 v00000289f242bab0_0;
    %flag_set/vec4 8;
    %jmp/0xz  T_1.8, 8;
    %pushi/vec4 2, 0, 2;
    %store/vec4 v00000289f242bb50_0, 0, 2;
    %pushi/vec4 0, 0, 1;
    %store/vec4 v00000289f242bc90_0, 0, 1;
    %jmp T_1.9;
T_1.8 ;
    %pushi/vec4 0, 0, 2;
    %store/vec4 v00000289f242bb50_0, 0, 2;
    %pushi/vec4 0, 0, 1;
    %store/vec4 v00000289f242bc90_0, 0, 1;
T_1.9 ;
    %jmp T_1.5;
T_1.2 ;
    %load/vec4 v00000289f242bab0_0;
    %flag_set/vec4 8;
    %jmp/0xz  T_1.10, 8;
    %pushi/vec4 2, 0, 2;
    %store/vec4 v00000289f242bb50_0, 0, 2;
    %pushi/vec4 0, 0, 1;
    %store/vec4 v00000289f242bc90_0, 0, 1;
    %jmp T_1.11;
T_1.10 ;
    %pushi/vec4 3, 0, 2;
    %store/vec4 v00000289f242bb50_0, 0, 2;
    %pushi/vec4 0, 0, 1;
    %store/vec4 v00000289f242bc90_0, 0, 1;
T_1.11 ;
    %jmp T_1.5;
T_1.3 ;
    %load/vec4 v00000289f242bab0_0;
    %flag_set/vec4 8;
    %jmp/0xz  T_1.12, 8;
    %pushi/vec4 1, 0, 2;
    %store/vec4 v00000289f242bb50_0, 0, 2;
    %pushi/vec4 1, 0, 1;
    %store/vec4 v00000289f242bc90_0, 0, 1;
    %jmp T_1.13;
T_1.12 ;
    %pushi/vec4 0, 0, 2;
    %store/vec4 v00000289f242bb50_0, 0, 2;
    %pushi/vec4 0, 0, 1;
    %store/vec4 v00000289f242bc90_0, 0, 1;
T_1.13 ;
    %jmp T_1.5;
T_1.5 ;
    %pop/vec4 1;
    %jmp T_1;
    .thread T_1, $push;
    .scope S_00000289f236a2b0;
T_2 ;
    %delay 5, 0;
    %load/vec4 v00000289f23640d0_0;
    %inv;
    %store/vec4 v00000289f23640d0_0, 0, 1;
    %jmp T_2;
    .thread T_2;
    .scope S_00000289f236a2b0;
T_3 ;
    %vpi_call 2 19 "$dumpfile", "dump.vcd" {0 0 0};
    %vpi_call 2 20 "$dumpvars", 32'sb00000000000000000000000000000000, S_00000289f236a2b0 {0 0 0};
    %pushi/vec4 0, 0, 1;
    %store/vec4 v00000289f23640d0_0, 0, 1;
    %pushi/vec4 1, 0, 1;
    %store/vec4 v00000289f2364210_0, 0, 1;
    %pushi/vec4 0, 0, 1;
    %store/vec4 v00000289f2364170_0, 0, 1;
    %delay 10, 0;
    %pushi/vec4 0, 0, 1;
    %store/vec4 v00000289f2364210_0, 0, 1;
    %delay 10, 0;
    %pushi/vec4 1, 0, 1;
    %store/vec4 v00000289f2364170_0, 0, 1;
    %delay 10, 0;
    %pushi/vec4 1, 0, 1;
    %store/vec4 v00000289f2364170_0, 0, 1;
    %delay 10, 0;
    %pushi/vec4 0, 0, 1;
    %store/vec4 v00000289f2364170_0, 0, 1;
    %delay 10, 0;
    %pushi/vec4 1, 0, 1;
    %store/vec4 v00000289f2364170_0, 0, 1;
    %delay 10, 0;
    %pushi/vec4 0, 0, 1;
    %store/vec4 v00000289f2364170_0, 0, 1;
    %delay 10, 0;
    %pushi/vec4 1, 0, 1;
    %store/vec4 v00000289f2364170_0, 0, 1;
    %delay 10, 0;
    %pushi/vec4 1, 0, 1;
    %store/vec4 v00000289f2364170_0, 0, 1;
    %delay 10, 0;
    %pushi/vec4 1, 0, 1;
    %store/vec4 v00000289f2364170_0, 0, 1;
    %delay 10, 0;
    %pushi/vec4 0, 0, 1;
    %store/vec4 v00000289f2364170_0, 0, 1;
    %delay 10, 0;
    %pushi/vec4 1, 0, 1;
    %store/vec4 v00000289f2364170_0, 0, 1;
    %delay 20, 0;
    %vpi_call 2 40 "$finish" {0 0 0};
    %end;
    .thread T_3;
# The file index is used to find the file name in the following table.
:file_names 4;
    "N/A";
    "<interactive>";
    "q1_tb.v";
    "./q1.v";
