#! /c/Source/iverilog-install/bin/vvp
:ivl_version "12.0 (devel)" "(s20150603-1539-g2693dd32b)";
:ivl_delay_selection "TYPICAL";
:vpi_time_precision - 9;
:vpi_module "C:\PROGRA~1\iverilog\lib\ivl\system.vpi";
:vpi_module "C:\PROGRA~1\iverilog\lib\ivl\vhdl_sys.vpi";
:vpi_module "C:\PROGRA~1\iverilog\lib\ivl\vhdl_textio.vpi";
:vpi_module "C:\PROGRA~1\iverilog\lib\ivl\v2005_math.vpi";
:vpi_module "C:\PROGRA~1\iverilog\lib\ivl\va_math.vpi";
S_000002800f5bb910 .scope module, "q2_tb" "q2_tb" 2 4;
 .timescale -9 -9;
v000002800f5b48b0_0 .var "clk", 0 0;
v000002800f5b4950_0 .net "ew_g", 0 0, v000002800f5b4310_0;  1 drivers
v000002800f608f60_0 .net "ew_r", 0 0, v000002800f5b43b0_0;  1 drivers
v000002800f608560_0 .net "ew_y", 0 0, v000002800f5b4450_0;  1 drivers
v000002800f608ec0_0 .net "ns_g", 0 0, v000002800f5b4590_0;  1 drivers
v000002800f608600_0 .net "ns_r", 0 0, v000002800f5b4630_0;  1 drivers
v000002800f608ba0_0 .net "ns_y", 0 0, v000002800f5b46d0_0;  1 drivers
v000002800f6086a0_0 .var "rst", 0 0;
S_000002800f5bbaa0 .scope module, "dut" "q2" 2 9, 3 1 0, S_000002800f5bb910;
 .timescale -9 -9;
    .port_info 0 /INPUT 1 "clk";
    .port_info 1 /INPUT 1 "rst";
    .port_info 2 /OUTPUT 1 "ns_g";
    .port_info 3 /OUTPUT 1 "ns_y";
    .port_info 4 /OUTPUT 1 "ns_r";
    .port_info 5 /OUTPUT 1 "ew_g";
    .port_info 6 /OUTPUT 1 "ew_y";
    .port_info 7 /OUTPUT 1 "ew_r";
P_000002800f5bbc30 .param/l "s_ew_g" 0 3 8, C4<10>;
P_000002800f5bbc68 .param/l "s_ew_y" 0 3 8, C4<11>;
P_000002800f5bbca0 .param/l "s_ns_g" 0 3 8, C4<00>;
P_000002800f5bbcd8 .param/l "s_ns_y" 0 3 8, C4<01>;
v000002800f583560_0 .net "clk", 0 0, v000002800f5b48b0_0;  1 drivers
v000002800f6abd00_0 .var "cur_state", 0 0;
v000002800f5b4310_0 .var "ew_g", 0 0;
v000002800f5b43b0_0 .var "ew_r", 0 0;
v000002800f5b4450_0 .var "ew_y", 0 0;
v000002800f5b44f0_0 .var "next_state", 0 0;
v000002800f5b4590_0 .var "ns_g", 0 0;
v000002800f5b4630_0 .var "ns_r", 0 0;
v000002800f5b46d0_0 .var "ns_y", 0 0;
v000002800f5b4770_0 .net "rst", 0 0, v000002800f6086a0_0;  1 drivers
v000002800f5b4810_0 .var "timer", 2 0;
E_000002800f5a9220 .event anyedge, v000002800f6abd00_0;
E_000002800f5a94a0 .event anyedge, v000002800f6abd00_0, v000002800f5b4810_0;
E_000002800f5a8f60 .event posedge, v000002800f583560_0;
    .scope S_000002800f5bbaa0;
T_0 ;
    %wait E_000002800f5a8f60;
    %load/vec4 v000002800f5b4770_0;
    %flag_set/vec4 8;
    %jmp/0xz  T_0.0, 8;
    %pushi/vec4 0, 0, 1;
    %assign/vec4 v000002800f6abd00_0, 0;
    %pushi/vec4 0, 0, 3;
    %assign/vec4 v000002800f5b4810_0, 0;
    %jmp T_0.1;
T_0.0 ;
    %load/vec4 v000002800f5b44f0_0;
    %assign/vec4 v000002800f6abd00_0, 0;
    %load/vec4 v000002800f6abd00_0;
    %load/vec4 v000002800f5b44f0_0;
    %cmp/ne;
    %jmp/0xz  T_0.2, 4;
    %pushi/vec4 0, 0, 3;
    %assign/vec4 v000002800f5b4810_0, 0;
    %jmp T_0.3;
T_0.2 ;
    %load/vec4 v000002800f5b4810_0;
    %addi 1, 0, 3;
    %assign/vec4 v000002800f5b4810_0, 0;
T_0.3 ;
T_0.1 ;
    %jmp T_0;
    .thread T_0;
    .scope S_000002800f5bbaa0;
T_1 ;
    %wait E_000002800f5a94a0;
    %load/vec4 v000002800f6abd00_0;
    %store/vec4 v000002800f5b44f0_0, 0, 1;
    %load/vec4 v000002800f6abd00_0;
    %pad/u 2;
    %dup/vec4;
    %pushi/vec4 0, 0, 2;
    %cmp/u;
    %jmp/1 T_1.0, 6;
    %dup/vec4;
    %pushi/vec4 1, 0, 2;
    %cmp/u;
    %jmp/1 T_1.1, 6;
    %dup/vec4;
    %pushi/vec4 2, 0, 2;
    %cmp/u;
    %jmp/1 T_1.2, 6;
    %dup/vec4;
    %pushi/vec4 3, 0, 2;
    %cmp/u;
    %jmp/1 T_1.3, 6;
    %jmp T_1.4;
T_1.0 ;
    %load/vec4 v000002800f5b4810_0;
    %cmpi/e 4, 0, 3;
    %jmp/0xz  T_1.5, 4;
    %pushi/vec4 1, 0, 1;
    %store/vec4 v000002800f5b44f0_0, 0, 1;
T_1.5 ;
    %jmp T_1.4;
T_1.1 ;
    %load/vec4 v000002800f5b4810_0;
    %cmpi/e 1, 0, 3;
    %jmp/0xz  T_1.7, 4;
    %pushi/vec4 0, 0, 1;
    %store/vec4 v000002800f5b44f0_0, 0, 1;
T_1.7 ;
    %jmp T_1.4;
T_1.2 ;
    %load/vec4 v000002800f5b4810_0;
    %cmpi/e 4, 0, 3;
    %jmp/0xz  T_1.9, 4;
    %pushi/vec4 1, 0, 1;
    %store/vec4 v000002800f5b44f0_0, 0, 1;
T_1.9 ;
    %jmp T_1.4;
T_1.3 ;
    %load/vec4 v000002800f5b4810_0;
    %cmpi/e 1, 0, 3;
    %jmp/0xz  T_1.11, 4;
    %pushi/vec4 0, 0, 1;
    %store/vec4 v000002800f5b44f0_0, 0, 1;
T_1.11 ;
    %jmp T_1.4;
T_1.4 ;
    %pop/vec4 1;
    %jmp T_1;
    .thread T_1, $push;
    .scope S_000002800f5bbaa0;
T_2 ;
    %wait E_000002800f5a9220;
    %pushi/vec4 0, 0, 1;
    %store/vec4 v000002800f5b4590_0, 0, 1;
    %pushi/vec4 0, 0, 1;
    %store/vec4 v000002800f5b46d0_0, 0, 1;
    %pushi/vec4 0, 0, 1;
    %store/vec4 v000002800f5b4630_0, 0, 1;
    %pushi/vec4 0, 0, 1;
    %store/vec4 v000002800f5b4310_0, 0, 1;
    %pushi/vec4 0, 0, 1;
    %store/vec4 v000002800f5b4450_0, 0, 1;
    %pushi/vec4 0, 0, 1;
    %store/vec4 v000002800f5b43b0_0, 0, 1;
    %load/vec4 v000002800f6abd00_0;
    %pad/u 2;
    %dup/vec4;
    %pushi/vec4 0, 0, 2;
    %cmp/u;
    %jmp/1 T_2.0, 6;
    %dup/vec4;
    %pushi/vec4 1, 0, 2;
    %cmp/u;
    %jmp/1 T_2.1, 6;
    %dup/vec4;
    %pushi/vec4 2, 0, 2;
    %cmp/u;
    %jmp/1 T_2.2, 6;
    %dup/vec4;
    %pushi/vec4 3, 0, 2;
    %cmp/u;
    %jmp/1 T_2.3, 6;
    %jmp T_2.4;
T_2.0 ;
    %pushi/vec4 1, 0, 1;
    %store/vec4 v000002800f5b4590_0, 0, 1;
    %pushi/vec4 1, 0, 1;
    %store/vec4 v000002800f5b43b0_0, 0, 1;
    %jmp T_2.4;
T_2.1 ;
    %pushi/vec4 1, 0, 1;
    %store/vec4 v000002800f5b46d0_0, 0, 1;
    %pushi/vec4 1, 0, 1;
    %store/vec4 v000002800f5b43b0_0, 0, 1;
    %jmp T_2.4;
T_2.2 ;
    %pushi/vec4 1, 0, 1;
    %store/vec4 v000002800f5b4310_0, 0, 1;
    %pushi/vec4 1, 0, 1;
    %store/vec4 v000002800f5b4630_0, 0, 1;
    %jmp T_2.4;
T_2.3 ;
    %pushi/vec4 1, 0, 1;
    %store/vec4 v000002800f5b4450_0, 0, 1;
    %pushi/vec4 1, 0, 1;
    %store/vec4 v000002800f5b4630_0, 0, 1;
    %jmp T_2.4;
T_2.4 ;
    %pop/vec4 1;
    %jmp T_2;
    .thread T_2, $push;
    .scope S_000002800f5bb910;
T_3 ;
    %delay 5, 0;
    %load/vec4 v000002800f5b48b0_0;
    %inv;
    %store/vec4 v000002800f5b48b0_0, 0, 1;
    %jmp T_3;
    .thread T_3;
    .scope S_000002800f5bb910;
T_4 ;
    %vpi_call 2 19 "$dumpfile", "dump.vcd" {0 0 0};
    %vpi_call 2 20 "$dumpvars", 32'sb00000000000000000000000000000000, S_000002800f5bb910 {0 0 0};
    %pushi/vec4 0, 0, 1;
    %store/vec4 v000002800f5b48b0_0, 0, 1;
    %pushi/vec4 1, 0, 1;
    %store/vec4 v000002800f6086a0_0, 0, 1;
    %delay 12, 0;
    %pushi/vec4 0, 0, 1;
    %store/vec4 v000002800f6086a0_0, 0, 1;
    %delay 300, 0;
    %vpi_call 2 29 "$finish" {0 0 0};
    %end;
    .thread T_4;
# The file index is used to find the file name in the following table.
:file_names 4;
    "N/A";
    "<interactive>";
    "q2_tb.v";
    "./q2.v";
