#! /c/Source/iverilog-install/bin/vvp
:ivl_version "12.0 (devel)" "(s20150603-1539-g2693dd32b)";
:ivl_delay_selection "TYPICAL";
:vpi_time_precision - 9;
:vpi_module "C:\PROGRA~1\iverilog\lib\ivl\system.vpi";
:vpi_module "C:\PROGRA~1\iverilog\lib\ivl\vhdl_sys.vpi";
:vpi_module "C:\PROGRA~1\iverilog\lib\ivl\vhdl_textio.vpi";
:vpi_module "C:\PROGRA~1\iverilog\lib\ivl\v2005_math.vpi";
:vpi_module "C:\PROGRA~1\iverilog\lib\ivl\va_math.vpi";
S_0000020b7412b5a0 .scope module, "tb_q3" "tb_q3" 2 4;
 .timescale -9 -9;
v0000020b73fe4ea0_0 .net "chg5", 0 0, v0000020b74129fa0_0;  1 drivers
v0000020b73fe4f40_0 .var "clk", 0 0;
v0000020b7403c860_0 .var "coin", 1 0;
v0000020b7403c900_0 .net "dispense", 0 0, v0000020b73fe49a0_0;  1 drivers
v0000020b7403c9a0_0 .var "rst", 0 0;
S_0000020b7412bae0 .scope module, "dut" "q3" 2 11, 3 1 0, S_0000020b7412b5a0;
 .timescale -9 -9;
    .port_info 0 /INPUT 1 "clk";
    .port_info 1 /INPUT 1 "rst";
    .port_info 2 /INPUT 2 "coin";
    .port_info 3 /OUTPUT 1 "dispense";
    .port_info 4 /OUTPUT 1 "chg5";
P_0000020b7412bc70 .param/l "S0" 0 3 9, C4<000>;
P_0000020b7412bca8 .param/l "S10" 0 3 11, C4<010>;
P_0000020b7412bce0 .param/l "S15" 0 3 12, C4<011>;
P_0000020b7412bd18 .param/l "S20" 0 3 13, C4<100>;
P_0000020b7412bd50 .param/l "S5" 0 3 10, C4<001>;
v0000020b74129fa0_0 .var "chg5", 0 0;
v0000020b7412a450_0 .net "clk", 0 0, v0000020b73fe4f40_0;  1 drivers
v0000020b73fb3560_0 .net "coin", 1 0, v0000020b7403c860_0;  1 drivers
v0000020b73fe4900_0 .var "cur_state", 2 0;
v0000020b73fe49a0_0 .var "dispense", 0 0;
v0000020b73fe4a40_0 .var "next_state", 2 0;
v0000020b73fe4ae0_0 .net "rst", 0 0, v0000020b7403c9a0_0;  1 drivers
E_0000020b73fd5cc0 .event anyedge, v0000020b73fe4900_0, v0000020b73fb3560_0;
E_0000020b73fd5dc0 .event posedge, v0000020b7412a450_0;
S_0000020b73fe4b80 .scope task, "pay10" "pay10" 2 71, 2 71 0, S_0000020b7412b5a0;
 .timescale -9 -9;
E_0000020b73fd5980 .event negedge, v0000020b7412a450_0;
TD_tb_q3.pay10 ;
    %wait E_0000020b73fd5980;
    %pushi/vec4 2, 0, 2;
    %store/vec4 v0000020b7403c860_0, 0, 2;
    %wait E_0000020b73fd5dc0;
    %wait E_0000020b73fd5980;
    %pushi/vec4 0, 0, 2;
    %store/vec4 v0000020b7403c860_0, 0, 2;
    %end;
S_0000020b73fe4d10 .scope task, "pay5" "pay5" 2 65, 2 65 0, S_0000020b7412b5a0;
 .timescale -9 -9;
TD_tb_q3.pay5 ;
    %wait E_0000020b73fd5980;
    %pushi/vec4 1, 0, 2;
    %store/vec4 v0000020b7403c860_0, 0, 2;
    %wait E_0000020b73fd5dc0;
    %wait E_0000020b73fd5980;
    %pushi/vec4 0, 0, 2;
    %store/vec4 v0000020b7403c860_0, 0, 2;
    %end;
    .scope S_0000020b7412bae0;
T_2 ;
    %wait E_0000020b73fd5dc0;
    %load/vec4 v0000020b73fe4ae0_0;
    %flag_set/vec4 8;
    %jmp/0xz  T_2.0, 8;
    %pushi/vec4 0, 0, 3;
    %assign/vec4 v0000020b73fe4900_0, 0;
    %jmp T_2.1;
T_2.0 ;
    %load/vec4 v0000020b73fe4a40_0;
    %assign/vec4 v0000020b73fe4900_0, 0;
T_2.1 ;
    %jmp T_2;
    .thread T_2;
    .scope S_0000020b7412bae0;
T_3 ;
    %wait E_0000020b73fd5cc0;
    %pushi/vec4 0, 0, 1;
    %store/vec4 v0000020b73fe49a0_0, 0, 1;
    %pushi/vec4 0, 0, 1;
    %store/vec4 v0000020b74129fa0_0, 0, 1;
    %load/vec4 v0000020b73fe4900_0;
    %dup/vec4;
    %pushi/vec4 0, 0, 3;
    %cmp/u;
    %jmp/1 T_3.0, 6;
    %dup/vec4;
    %pushi/vec4 1, 0, 3;
    %cmp/u;
    %jmp/1 T_3.1, 6;
    %dup/vec4;
    %pushi/vec4 2, 0, 3;
    %cmp/u;
    %jmp/1 T_3.2, 6;
    %dup/vec4;
    %pushi/vec4 3, 0, 3;
    %cmp/u;
    %jmp/1 T_3.3, 6;
    %dup/vec4;
    %pushi/vec4 4, 0, 3;
    %cmp/u;
    %jmp/1 T_3.4, 6;
    %pushi/vec4 0, 0, 3;
    %store/vec4 v0000020b73fe4a40_0, 0, 3;
    %jmp T_3.6;
T_3.0 ;
    %load/vec4 v0000020b73fb3560_0;
    %cmpi/e 1, 0, 2;
    %jmp/0xz  T_3.7, 4;
    %pushi/vec4 1, 0, 3;
    %store/vec4 v0000020b73fe4a40_0, 0, 3;
    %jmp T_3.8;
T_3.7 ;
    %load/vec4 v0000020b73fb3560_0;
    %cmpi/e 2, 0, 2;
    %jmp/0xz  T_3.9, 4;
    %pushi/vec4 2, 0, 3;
    %store/vec4 v0000020b73fe4a40_0, 0, 3;
    %jmp T_3.10;
T_3.9 ;
    %load/vec4 v0000020b73fe4900_0;
    %store/vec4 v0000020b73fe4a40_0, 0, 3;
T_3.10 ;
T_3.8 ;
    %jmp T_3.6;
T_3.1 ;
    %load/vec4 v0000020b73fb3560_0;
    %cmpi/e 1, 0, 2;
    %jmp/0xz  T_3.11, 4;
    %pushi/vec4 2, 0, 3;
    %store/vec4 v0000020b73fe4a40_0, 0, 3;
    %jmp T_3.12;
T_3.11 ;
    %load/vec4 v0000020b73fb3560_0;
    %cmpi/e 2, 0, 2;
    %jmp/0xz  T_3.13, 4;
    %pushi/vec4 3, 0, 3;
    %store/vec4 v0000020b73fe4a40_0, 0, 3;
    %jmp T_3.14;
T_3.13 ;
    %load/vec4 v0000020b73fe4900_0;
    %store/vec4 v0000020b73fe4a40_0, 0, 3;
T_3.14 ;
T_3.12 ;
    %jmp T_3.6;
T_3.2 ;
    %load/vec4 v0000020b73fb3560_0;
    %cmpi/e 1, 0, 2;
    %jmp/0xz  T_3.15, 4;
    %pushi/vec4 3, 0, 3;
    %store/vec4 v0000020b73fe4a40_0, 0, 3;
    %jmp T_3.16;
T_3.15 ;
    %load/vec4 v0000020b73fb3560_0;
    %cmpi/e 2, 0, 2;
    %jmp/0xz  T_3.17, 4;
    %pushi/vec4 4, 0, 3;
    %store/vec4 v0000020b73fe4a40_0, 0, 3;
    %jmp T_3.18;
T_3.17 ;
    %load/vec4 v0000020b73fe4900_0;
    %store/vec4 v0000020b73fe4a40_0, 0, 3;
T_3.18 ;
T_3.16 ;
    %jmp T_3.6;
T_3.3 ;
    %load/vec4 v0000020b73fb3560_0;
    %cmpi/e 1, 0, 2;
    %jmp/0xz  T_3.19, 4;
    %pushi/vec4 4, 0, 3;
    %store/vec4 v0000020b73fe4a40_0, 0, 3;
    %jmp T_3.20;
T_3.19 ;
    %load/vec4 v0000020b73fb3560_0;
    %cmpi/e 2, 0, 2;
    %jmp/0xz  T_3.21, 4;
    %pushi/vec4 0, 0, 3;
    %store/vec4 v0000020b73fe4a40_0, 0, 3;
    %pushi/vec4 1, 0, 1;
    %store/vec4 v0000020b73fe49a0_0, 0, 1;
    %pushi/vec4 1, 0, 1;
    %store/vec4 v0000020b74129fa0_0, 0, 1;
    %jmp T_3.22;
T_3.21 ;
    %load/vec4 v0000020b73fe4900_0;
    %store/vec4 v0000020b73fe4a40_0, 0, 3;
T_3.22 ;
T_3.20 ;
    %jmp T_3.6;
T_3.4 ;
    %pushi/vec4 0, 0, 3;
    %store/vec4 v0000020b73fe4a40_0, 0, 3;
    %pushi/vec4 1, 0, 1;
    %store/vec4 v0000020b73fe49a0_0, 0, 1;
    %jmp T_3.6;
T_3.6 ;
    %pop/vec4 1;
    %jmp T_3;
    .thread T_3, $push;
    .scope S_0000020b7412b5a0;
T_4 ;
    %pushi/vec4 0, 0, 1;
    %store/vec4 v0000020b73fe4f40_0, 0, 1;
    %pushi/vec4 1, 0, 1;
    %store/vec4 v0000020b7403c9a0_0, 0, 1;
    %pushi/vec4 0, 0, 2;
    %store/vec4 v0000020b7403c860_0, 0, 2;
    %end;
    .thread T_4;
    .scope S_0000020b7412b5a0;
T_5 ;
    %delay 5, 0;
    %load/vec4 v0000020b73fe4f40_0;
    %inv;
    %store/vec4 v0000020b73fe4f40_0, 0, 1;
    %jmp T_5;
    .thread T_5;
    .scope S_0000020b7412b5a0;
T_6 ;
    %vpi_call 2 24 "$dumpfile", "dump.vcd" {0 0 0};
    %vpi_call 2 25 "$dumpvars", 32'sb00000000000000000000000000000000, S_0000020b7412b5a0 {0 0 0};
    %end;
    .thread T_6;
    .scope S_0000020b7412b5a0;
T_7 ;
    %pushi/vec4 2, 0, 32;
T_7.0 %dup/vec4;
    %pushi/vec4 0, 0, 32;
    %cmp/s;
    %jmp/1xz T_7.1, 5;
    %jmp/1 T_7.1, 4;
    %pushi/vec4 1, 0, 32;
    %sub;
    %wait E_0000020b73fd5dc0;
    %jmp T_7.0;
T_7.1 ;
    %pop/vec4 1;
    %pushi/vec4 0, 0, 1;
    %store/vec4 v0000020b7403c9a0_0, 0, 1;
    %fork TD_tb_q3.pay5, S_0000020b73fe4d10;
    %join;
    %fork TD_tb_q3.pay5, S_0000020b73fe4d10;
    %join;
    %fork TD_tb_q3.pay10, S_0000020b73fe4b80;
    %join;
    %wait E_0000020b73fd5dc0;
    %fork TD_tb_q3.pay10, S_0000020b73fe4b80;
    %join;
    %fork TD_tb_q3.pay10, S_0000020b73fe4b80;
    %join;
    %wait E_0000020b73fd5dc0;
    %fork TD_tb_q3.pay5, S_0000020b73fe4d10;
    %join;
    %fork TD_tb_q3.pay10, S_0000020b73fe4b80;
    %join;
    %fork TD_tb_q3.pay10, S_0000020b73fe4b80;
    %join;
    %wait E_0000020b73fd5dc0;
    %fork TD_tb_q3.pay10, S_0000020b73fe4b80;
    %join;
    %fork TD_tb_q3.pay5, S_0000020b73fe4d10;
    %join;
    %fork TD_tb_q3.pay10, S_0000020b73fe4b80;
    %join;
    %wait E_0000020b73fd5dc0;
    %fork TD_tb_q3.pay10, S_0000020b73fe4b80;
    %join;
    %fork TD_tb_q3.pay10, S_0000020b73fe4b80;
    %join;
    %fork TD_tb_q3.pay5, S_0000020b73fe4d10;
    %join;
    %wait E_0000020b73fd5dc0;
    %delay 30, 0;
    %vpi_call 2 61 "$finish" {0 0 0};
    %end;
    .thread T_7;
# The file index is used to find the file name in the following table.
:file_names 4;
    "N/A";
    "<interactive>";
    "q3_tb.v";
    "./q3.v";
